Lmod has detected the following error: The following module(s) are unknown:
"anaconda3"

Please check the spelling or version number. Also try "module spider ..."
It is also possible your cache file is out-of-date; it may help to try:
  $ module --ignore_cache load "anaconda3"

Also make sure that all modulefiles written in TCL start with the string
#%Module



/u/mbanisharifdehkordi/gnn-env/lib/python3.12/site-packages/torch_geometric/typing.py:86: UserWarning: An issue occurred while importing 'torch-scatter'. Disabling its usage. Stacktrace: /u/mbanisharifdehkordi/gnn-env/lib/python3.12/site-packages/torch_scatter/_scatter_cuda.so: undefined symbol: _ZN2at4_ops16div__Tensor_mode4callERNS_6TensorERKS2_St8optionalIN3c1017basic_string_viewIcEEE
  warnings.warn(f"An issue occurred while importing 'torch-scatter'. "
/u/mbanisharifdehkordi/gnn-env/lib/python3.12/site-packages/torch_geometric/typing.py:124: UserWarning: An issue occurred while importing 'torch-sparse'. Disabling its usage. Stacktrace: /u/mbanisharifdehkordi/gnn-env/lib/python3.12/site-packages/torch_sparse/_spmm_cuda.so: undefined symbol: _ZN5torch8autograd12VariableInfoC1ERKN2at6TensorE
  warnings.warn(f"An issue occurred while importing 'torch-sparse'. "
2025-04-07 18:53:46,247 - INFO - Using device: cuda
2025-04-07 18:53:46,247 - INFO - Using split-based workflow with directories: data/preprocessed/baseline_gcn/experiment_2/train, data/preprocessed/baseline_gcn/experiment_2/val, data/preprocessed/baseline_gcn/experiment_2/test
2025-04-07 18:53:46,508 - INFO - Creating datasets from split directories...
2025-04-07 18:54:14,958 - INFO - Train/Val/Test sizes: 700000/150000/150000
2025-04-07 18:54:14,959 - INFO - Creating GCN model with 2 layers and 64 hidden dimensions
2025-04-07 18:54:15,012 - INFO - Initialized GCN model with 2 layers and 64 hidden dimensions
2025-04-07 18:54:15,012 - INFO - Initialized GNN regressor with GCN backbone
2025-04-07 18:54:15,307 - INFO - Found checkpoint at logs/training/baseline_gcn/experiment_2/latest_checkpoint.pt. Resuming training...
2025-04-07 18:54:15,321 - INFO - Resuming from epoch 19 with best validation loss 0.947294 at epoch 9
2025-04-07 18:54:15,321 - INFO - Starting training for 20 epochs (from epoch 20)
/u/mbanisharifdehkordi/gnn-env/lib/python3.12/site-packages/torch/nn/modules/loss.py:610: UserWarning: Using a target size (torch.Size([32])) that is different to the input size (torch.Size([32, 1])). This will likely lead to incorrect results due to broadcasting. Please ensure they have the same size.
  return F.mse_loss(input, target, reduction=self.reduction)
/u/mbanisharifdehkordi/gnn-env/lib/python3.12/site-packages/torch/nn/modules/loss.py:610: UserWarning: Using a target size (torch.Size([16])) that is different to the input size (torch.Size([16, 1])). This will likely lead to incorrect results due to broadcasting. Please ensure they have the same size.
  return F.mse_loss(input, target, reduction=self.reduction)
2025-04-07 18:56:23,308 - INFO - Epoch 20/20, Train Loss: 0.9485, Val Loss: 0.9474
2025-04-07 18:56:23,316 - INFO - Training completed in 128.00 seconds
2025-04-07 18:56:23,324 - INFO - Loaded best model from epoch 9 for evaluation
2025-04-07 18:56:23,324 - INFO - Evaluating model on test set...
2025-04-07 18:56:39,920 - INFO - Test Loss: 0.9558
2025-04-07 18:56:58,730 - INFO - Test RMSE: 0.9884
2025-04-07 18:57:01,369 - INFO - Training results saved to logs/training/baseline_gcn/experiment_2
