2025-04-09 14:53:26,480 - INFO - Using device: cuda
2025-04-09 14:53:26,481 - INFO - Using split-based workflow with directories: data/preprocessed/baseline_gcn/experiment_3/train, data/preprocessed/baseline_gcn/experiment_3/val, data/preprocessed/baseline_gcn/experiment_3/test
2025-04-09 14:53:26,877 - INFO - Creating datasets from split directories...
2025-04-09 14:57:05,469 - INFO - Train/Val/Test sizes: 4653053/997082/997084
2025-04-09 14:57:05,469 - INFO - Creating GCN model with 2 layers and 256 hidden dimensions
2025-04-09 14:57:05,592 - INFO - Initialized GCN model with 2 layers and 256 hidden dimensions
2025-04-09 14:57:05,592 - INFO - Initialized GNN regressor with GCN backbone
2025-04-09 14:57:06,091 - INFO - No checkpoint found or resume disabled. Starting training from scratch.
2025-04-09 14:57:06,091 - INFO - Starting training for 100 epochs (from epoch 1)
2025-04-09 15:06:13,056 - INFO - Epoch 1/100, Train Loss: 190290453.6228, Val Loss: 0.7056
2025-04-09 15:06:13,089 - INFO - Saved best model with validation loss: 0.7056
2025-04-09 15:15:09,970 - INFO - Epoch 2/100, Train Loss: 0.7109, Val Loss: 0.6453
2025-04-09 15:15:09,998 - INFO - Saved best model with validation loss: 0.6453
2025-04-09 15:24:04,260 - INFO - Epoch 3/100, Train Loss: 0.6931, Val Loss: 0.6432
2025-04-09 15:24:04,305 - INFO - Saved best model with validation loss: 0.6432
2025-04-09 15:32:57,552 - INFO - Epoch 4/100, Train Loss: 0.6772, Val Loss: 0.6343
2025-04-09 15:32:57,596 - INFO - Saved best model with validation loss: 0.6343
2025-04-09 15:41:49,630 - INFO - Epoch 5/100, Train Loss: 0.6743, Val Loss: 0.6322
2025-04-09 15:41:49,667 - INFO - Saved best model with validation loss: 0.6322
2025-04-09 15:50:40,317 - INFO - Epoch 6/100, Train Loss: 0.6702, Val Loss: 0.6305
2025-04-09 15:50:40,372 - INFO - Saved best model with validation loss: 0.6305
slurmstepd: error: *** JOB 8987495 ON gpua069 CANCELLED AT 2025-04-09T15:53:29 DUE TO TIME LIMIT ***
