2025-04-09 20:21:03,238 - INFO - Using device: cuda
2025-04-09 20:21:03,239 - INFO - Using split-based workflow with directories: data/preprocessed/baseline_gcn/experiment_3/train, data/preprocessed/baseline_gcn/experiment_3/val, data/preprocessed/baseline_gcn/experiment_3/test
2025-04-09 20:21:05,014 - INFO - Creating datasets from split directories...
2025-04-09 20:24:46,254 - INFO - Train/Val/Test sizes: 4653053/997082/997084
2025-04-09 20:24:46,254 - INFO - Creating GCN model with 2 layers and 256 hidden dimensions
2025-04-09 20:24:46,360 - INFO - Initialized GCN model with 2 layers and 256 hidden dimensions
2025-04-09 20:24:46,361 - INFO - Initialized GNN regressor with GCN backbone
2025-04-09 20:24:46,835 - INFO - Found checkpoint at logs/training/baseline_gcn/experiment_4/latest_checkpoint.pt. Resuming training...
2025-04-09 20:24:46,851 - INFO - Resuming from epoch 6 with best validation loss 0.632172 at epoch 5
2025-04-09 20:24:46,851 - INFO - Starting training for 100 epochs (from epoch 7)
2025-04-09 20:34:11,369 - INFO - Epoch 7/100, Train Loss: 0.6687, Val Loss: 0.6288
2025-04-09 20:34:11,397 - INFO - Saved best model with validation loss: 0.6288
2025-04-09 20:43:30,505 - INFO - Epoch 8/100, Train Loss: 0.6672, Val Loss: 0.6287
2025-04-09 20:43:30,536 - INFO - Saved best model with validation loss: 0.6287
2025-04-09 20:52:50,668 - INFO - Epoch 9/100, Train Loss: 0.6644, Val Loss: 0.6311
2025-04-09 21:02:05,646 - INFO - Epoch 10/100, Train Loss: 0.6642, Val Loss: 0.6263
2025-04-09 21:02:05,672 - INFO - Saved best model with validation loss: 0.6263
2025-04-09 21:11:19,602 - INFO - Epoch 11/100, Train Loss: 0.6643, Val Loss: 0.6264
2025-04-09 21:20:32,862 - INFO - Epoch 12/100, Train Loss: 0.6634, Val Loss: 0.6300
2025-04-09 21:29:44,988 - INFO - Epoch 13/100, Train Loss: 0.6621, Val Loss: 0.6322
2025-04-09 21:38:55,095 - INFO - Epoch 14/100, Train Loss: 0.6619, Val Loss: 0.6301
2025-04-09 21:48:04,537 - INFO - Epoch 15/100, Train Loss: 0.6611, Val Loss: 0.6246
2025-04-09 21:48:04,565 - INFO - Saved best model with validation loss: 0.6246
2025-04-09 21:57:13,016 - INFO - Epoch 16/100, Train Loss: 0.6610, Val Loss: 0.6290
